<?xml version="1.0" encoding="UTF-8"?>
<!-- Generated by org.testng.reporters.JUnitXMLReporter -->
<testsuite hostname="md1zttwc" name="Default test" tests="1" failures="0" timestamp="18 Jan 2020 19:29:33 GMT" time="0.028" errors="0">
  <testcase name="@BeforeTest setuptest" time="0.0" classname="Emprix.Start.Empirix_Test">
    <failure type="org.testng.TestNGException" message="
Parameter &amp;apos;BrowserName&amp;apos; is required by @Configuration on method setuptest but has not been marked @Optional or defined
in C:\Users\z003ckvz.AD001\AppData\Local\Temp\testng-eclipse--871696162\testng-customsuite.xml">
      <![CDATA[org.testng.TestNGException: 
Parameter 'BrowserName' is required by @Configuration on method setuptest but has not been marked @Optional or defined
in C:\Users\z003ckvz.AD001\AppData\Local\Temp\testng-eclipse--871696162\testng-customsuite.xml
	at org.testng.internal.Parameters.createParameters(Parameters.java:156)
	at org.testng.internal.Parameters.createParameters(Parameters.java:363)
	at org.testng.internal.Parameters.createConfigurationParameters(Parameters.java:86)
	at org.testng.internal.Invoker.invokeConfigurations(Invoker.java:202)
	at org.testng.internal.Invoker.invokeConfigurations(Invoker.java:143)
	at org.testng.TestRunner.beforeRun(TestRunner.java:624)
	at org.testng.TestRunner.run(TestRunner.java:592)
	at org.testng.SuiteRunner.runTest(SuiteRunner.java:366)
	at org.testng.SuiteRunner.runSequentially(SuiteRunner.java:361)
	at org.testng.SuiteRunner.privateRun(SuiteRunner.java:319)
	at org.testng.SuiteRunner.run(SuiteRunner.java:268)
	at org.testng.SuiteRunnerWorker.runSuite(SuiteRunnerWorker.java:52)
	at org.testng.SuiteRunnerWorker.run(SuiteRunnerWorker.java:86)
	at org.testng.TestNG.runSuitesSequentially(TestNG.java:1264)
	at org.testng.TestNG.runSuitesLocally(TestNG.java:1189)
	at org.testng.TestNG.runSuites(TestNG.java:1104)
	at org.testng.TestNG.run(TestNG.java:1076)
	at org.testng.remote.AbstractRemoteTestNG.run(AbstractRemoteTestNG.java:126)
	at org.testng.remote.RemoteTestNG.initAndRun(RemoteTestNG.java:152)
	at org.testng.remote.RemoteTestNG.main(RemoteTestNG.java:57)
]]>
    </failure>
  </testcase> <!-- @BeforeTest setuptest -->
  <testcase name="@AfterTest teardowntest" time="0.0" classname="Emprix.Start.Empirix_Test">
    <skipped/>
  </testcase> <!-- @AfterTest teardowntest -->
  <testcase name="login" time="0.0" classname="Emprix.Start.Empirix_Test">
    <skipped/>
  </testcase> <!-- login -->
</testsuite> <!-- Default test -->
